[0.040s] Invoking command in '/home/f1tenth/f1tenth_ws/build/vesc_msgs': CMAKE_PREFIX_PATH=${CMAKE_PREFIX_PATH}:/home/f1tenth/f1tenth_ws/install/f1tenth_stack:/home/f1tenth/f1tenth_ws/install/joy_teleop:/home/f1tenth/f1tenth_ws/install/mouse_teleop:/home/f1tenth/f1tenth_ws/install/key_teleop /usr/bin/cmake --build /home/f1tenth/f1tenth_ws/build/vesc_msgs -- -j6 -l6
[0.950s] [  1%] Built target vesc_msgs__cpp
[0.951s] [ 12%] Built target vesc_msgs__rosidl_generator_c
[0.952s] [ 12%] Built target ament_cmake_python_copy_vesc_msgs
[0.952s] [ 23%] Built target vesc_msgs__rosidl_typesupport_fastrtps_cpp
[0.953s] [ 45%] Built target vesc_msgs__rosidl_typesupport_introspection_cpp
[0.953s] [ 45%] Built target vesc_msgs__rosidl_typesupport_cpp
[0.954s] [ 56%] Built target vesc_msgs__rosidl_typesupport_fastrtps_c
[0.954s] [ 76%] Built target vesc_msgs__rosidl_typesupport_introspection_c
[0.955s] [ 78%] Built target vesc_msgs__rosidl_typesupport_c
[0.956s] [ 78%] Built target vesc_msgs
[0.956s] [ 80%] Built target vesc_msgs__py
[0.956s] [ 89%] Built target vesc_msgs__rosidl_generator_py
[0.956s] [ 92%] Built target vesc_msgs__rosidl_typesupport_fastrtps_c__pyext
[0.956s] [ 96%] Built target vesc_msgs__rosidl_typesupport_c__pyext
[0.956s] [100%] Built target vesc_msgs__rosidl_typesupport_introspection_c__pyext
[0.957s] running egg_info
[0.957s] writing vesc_msgs.egg-info/PKG-INFO
[0.957s] writing dependency_links to vesc_msgs.egg-info/dependency_links.txt
[0.958s] writing top-level names to vesc_msgs.egg-info/top_level.txt
[0.958s] reading manifest file 'vesc_msgs.egg-info/SOURCES.txt'
[0.958s] writing manifest file 'vesc_msgs.egg-info/SOURCES.txt'
[0.958s] [100%] Built target ament_cmake_python_build_vesc_msgs_egg
[0.978s] Invoked command in '/home/f1tenth/f1tenth_ws/build/vesc_msgs' returned '0': CMAKE_PREFIX_PATH=${CMAKE_PREFIX_PATH}:/home/f1tenth/f1tenth_ws/install/f1tenth_stack:/home/f1tenth/f1tenth_ws/install/joy_teleop:/home/f1tenth/f1tenth_ws/install/mouse_teleop:/home/f1tenth/f1tenth_ws/install/key_teleop /usr/bin/cmake --build /home/f1tenth/f1tenth_ws/build/vesc_msgs -- -j6 -l6
[0.981s] Invoking command in '/home/f1tenth/f1tenth_ws/build/vesc_msgs': CMAKE_PREFIX_PATH=${CMAKE_PREFIX_PATH}:/home/f1tenth/f1tenth_ws/install/f1tenth_stack:/home/f1tenth/f1tenth_ws/install/joy_teleop:/home/f1tenth/f1tenth_ws/install/mouse_teleop:/home/f1tenth/f1tenth_ws/install/key_teleop /usr/bin/cmake --install /home/f1tenth/f1tenth_ws/build/vesc_msgs
[1.002s] -- Install configuration: ""
[1.002s] -- Up-to-date: /home/f1tenth/f1tenth_ws/install/vesc_msgs/share/ament_index/resource_index/rosidl_interfaces/vesc_msgs
[1.003s] -- Up-to-date: /home/f1tenth/f1tenth_ws/install/vesc_msgs/include/vesc_msgs/vesc_msgs
[1.004s] -- Up-to-date: /home/f1tenth/f1tenth_ws/install/vesc_msgs/include/vesc_msgs/vesc_msgs/msg
[1.004s] -- Up-to-date: /home/f1tenth/f1tenth_ws/install/vesc_msgs/include/vesc_msgs/vesc_msgs/msg/vesc_state.h
[1.004s] -- Up-to-date: /home/f1tenth/f1tenth_ws/install/vesc_msgs/include/vesc_msgs/vesc_msgs/msg/vesc_imu.h
[1.005s] -- Up-to-date: /home/f1tenth/f1tenth_ws/install/vesc_msgs/include/vesc_msgs/vesc_msgs/msg/vesc_imu_stamped.h
[1.007s] -- Up-to-date: /home/f1tenth/f1tenth_ws/install/vesc_msgs/include/vesc_msgs/vesc_msgs/msg/detail
[1.007s] -- Up-to-date: /home/f1tenth/f1tenth_ws/install/vesc_msgs/include/vesc_msgs/vesc_msgs/msg/detail/vesc_state__functions.c
[1.007s] -- Up-to-date: /home/f1tenth/f1tenth_ws/install/vesc_msgs/include/vesc_msgs/vesc_msgs/msg/detail/vesc_imu__functions.c
[1.007s] -- Up-to-date: /home/f1tenth/f1tenth_ws/install/vesc_msgs/include/vesc_msgs/vesc_msgs/msg/detail/vesc_state_stamped__functions.c
[1.007s] -- Up-to-date: /home/f1tenth/f1tenth_ws/install/vesc_msgs/include/vesc_msgs/vesc_msgs/msg/detail/vesc_state__functions.h
[1.008s] -- Up-to-date: /home/f1tenth/f1tenth_ws/install/vesc_msgs/include/vesc_msgs/vesc_msgs/msg/detail/vesc_state_stamped__functions.h
[1.008s] -- Up-to-date: /home/f1tenth/f1tenth_ws/install/vesc_msgs/include/vesc_msgs/vesc_msgs/msg/detail/vesc_state__type_support.h
[1.008s] -- Up-to-date: /home/f1tenth/f1tenth_ws/install/vesc_msgs/include/vesc_msgs/vesc_msgs/msg/detail/vesc_state__struct.h
[1.008s] -- Up-to-date: /home/f1tenth/f1tenth_ws/install/vesc_msgs/include/vesc_msgs/vesc_msgs/msg/detail/vesc_state_stamped__type_support.h
[1.008s] -- Up-to-date: /home/f1tenth/f1tenth_ws/install/vesc_msgs/include/vesc_msgs/vesc_msgs/msg/detail/vesc_state_stamped__struct.h
[1.008s] -- Up-to-date: /home/f1tenth/f1tenth_ws/install/vesc_msgs/include/vesc_msgs/vesc_msgs/msg/detail/vesc_imu__type_support.h
[1.008s] -- Up-to-date: /home/f1tenth/f1tenth_ws/install/vesc_msgs/include/vesc_msgs/vesc_msgs/msg/detail/vesc_imu__struct.h
[1.008s] -- Up-to-date: /home/f1tenth/f1tenth_ws/install/vesc_msgs/include/vesc_msgs/vesc_msgs/msg/detail/vesc_imu_stamped__type_support.h
[1.009s] -- Up-to-date: /home/f1tenth/f1tenth_ws/install/vesc_msgs/include/vesc_msgs/vesc_msgs/msg/detail/vesc_imu__functions.h
[1.009s] -- Up-to-date: /home/f1tenth/f1tenth_ws/install/vesc_msgs/include/vesc_msgs/vesc_msgs/msg/detail/vesc_imu_stamped__functions.h
[1.009s] -- Up-to-date: /home/f1tenth/f1tenth_ws/install/vesc_msgs/include/vesc_msgs/vesc_msgs/msg/detail/vesc_imu_stamped__functions.c
[1.009s] -- Up-to-date: /home/f1tenth/f1tenth_ws/install/vesc_msgs/include/vesc_msgs/vesc_msgs/msg/detail/vesc_imu_stamped__struct.h
[1.009s] -- Up-to-date: /home/f1tenth/f1tenth_ws/install/vesc_msgs/include/vesc_msgs/vesc_msgs/msg/rosidl_generator_c__visibility_control.h
[1.009s] -- Up-to-date: /home/f1tenth/f1tenth_ws/install/vesc_msgs/include/vesc_msgs/vesc_msgs/msg/vesc_state_stamped.h
[1.009s] -- Up-to-date: /home/f1tenth/f1tenth_ws/install/vesc_msgs/share/vesc_msgs/environment/library_path.sh
[1.009s] -- Up-to-date: /home/f1tenth/f1tenth_ws/install/vesc_msgs/share/vesc_msgs/environment/library_path.dsv
[1.009s] -- Up-to-date: /home/f1tenth/f1tenth_ws/install/vesc_msgs/lib/libvesc_msgs__rosidl_generator_c.so
[1.009s] -- Up-to-date: /home/f1tenth/f1tenth_ws/install/vesc_msgs/include/vesc_msgs/vesc_msgs
[1.010s] -- Up-to-date: /home/f1tenth/f1tenth_ws/install/vesc_msgs/include/vesc_msgs/vesc_msgs/msg
[1.010s] -- Up-to-date: /home/f1tenth/f1tenth_ws/install/vesc_msgs/include/vesc_msgs/vesc_msgs/msg/detail
[1.011s] -- Up-to-date: /home/f1tenth/f1tenth_ws/install/vesc_msgs/include/vesc_msgs/vesc_msgs/msg/detail/vesc_imu__rosidl_typesupport_fastrtps_c.h
[1.011s] -- Up-to-date: /home/f1tenth/f1tenth_ws/install/vesc_msgs/include/vesc_msgs/vesc_msgs/msg/detail/vesc_state_stamped__rosidl_typesupport_fastrtps_c.h
[1.011s] -- Up-to-date: /home/f1tenth/f1tenth_ws/install/vesc_msgs/include/vesc_msgs/vesc_msgs/msg/detail/vesc_state__rosidl_typesupport_fastrtps_c.h
[1.011s] -- Up-to-date: /home/f1tenth/f1tenth_ws/install/vesc_msgs/include/vesc_msgs/vesc_msgs/msg/detail/vesc_imu_stamped__rosidl_typesupport_fastrtps_c.h
[1.011s] -- Up-to-date: /home/f1tenth/f1tenth_ws/install/vesc_msgs/include/vesc_msgs/vesc_msgs/msg/rosidl_typesupport_fastrtps_c__visibility_control.h
[1.011s] -- Up-to-date: /home/f1tenth/f1tenth_ws/install/vesc_msgs/lib/libvesc_msgs__rosidl_typesupport_fastrtps_c.so
[1.011s] -- Up-to-date: /home/f1tenth/f1tenth_ws/install/vesc_msgs/include/vesc_msgs/vesc_msgs
[1.012s] -- Up-to-date: /home/f1tenth/f1tenth_ws/install/vesc_msgs/include/vesc_msgs/vesc_msgs/msg
[1.012s] -- Up-to-date: /home/f1tenth/f1tenth_ws/install/vesc_msgs/include/vesc_msgs/vesc_msgs/msg/rosidl_typesupport_introspection_c__visibility_control.h
[1.012s] -- Up-to-date: /home/f1tenth/f1tenth_ws/install/vesc_msgs/include/vesc_msgs/vesc_msgs/msg/detail
[1.012s] -- Up-to-date: /home/f1tenth/f1tenth_ws/install/vesc_msgs/include/vesc_msgs/vesc_msgs/msg/detail/vesc_imu__type_support.c
[1.012s] -- Up-to-date: /home/f1tenth/f1tenth_ws/install/vesc_msgs/include/vesc_msgs/vesc_msgs/msg/detail/vesc_imu_stamped__rosidl_typesupport_introspection_c.h
[1.013s] -- Up-to-date: /home/f1tenth/f1tenth_ws/install/vesc_msgs/include/vesc_msgs/vesc_msgs/msg/detail/vesc_imu__rosidl_typesupport_introspection_c.h
[1.013s] -- Up-to-date: /home/f1tenth/f1tenth_ws/install/vesc_msgs/include/vesc_msgs/vesc_msgs/msg/detail/vesc_state_stamped__type_support.c
[1.014s] -- Up-to-date: /home/f1tenth/f1tenth_ws/install/vesc_msgs/include/vesc_msgs/vesc_msgs/msg/detail/vesc_imu_stamped__type_support.c
[1.015s] -- Up-to-date: /home/f1tenth/f1tenth_ws/install/vesc_msgs/include/vesc_msgs/vesc_msgs/msg/detail/vesc_state__rosidl_typesupport_introspection_c.h
[1.016s] -- Up-to-date: /home/f1tenth/f1tenth_ws/install/vesc_msgs/include/vesc_msgs/vesc_msgs/msg/detail/vesc_state__type_support.c
[1.016s] -- Up-to-date: /home/f1tenth/f1tenth_ws/install/vesc_msgs/include/vesc_msgs/vesc_msgs/msg/detail/vesc_state_stamped__rosidl_typesupport_introspection_c.h
[1.017s] -- Up-to-date: /home/f1tenth/f1tenth_ws/install/vesc_msgs/lib/libvesc_msgs__rosidl_typesupport_introspection_c.so
[1.017s] -- Up-to-date: /home/f1tenth/f1tenth_ws/install/vesc_msgs/lib/libvesc_msgs__rosidl_typesupport_c.so
[1.017s] -- Up-to-date: /home/f1tenth/f1tenth_ws/install/vesc_msgs/include/vesc_msgs/vesc_msgs
[1.018s] -- Up-to-date: /home/f1tenth/f1tenth_ws/install/vesc_msgs/include/vesc_msgs/vesc_msgs/msg
[1.018s] -- Up-to-date: /home/f1tenth/f1tenth_ws/install/vesc_msgs/include/vesc_msgs/vesc_msgs/msg/vesc_state.hpp
[1.018s] -- Up-to-date: /home/f1tenth/f1tenth_ws/install/vesc_msgs/include/vesc_msgs/vesc_msgs/msg/vesc_state_stamped.hpp
[1.018s] -- Up-to-date: /home/f1tenth/f1tenth_ws/install/vesc_msgs/include/vesc_msgs/vesc_msgs/msg/rosidl_generator_cpp__visibility_control.hpp
[1.019s] -- Up-to-date: /home/f1tenth/f1tenth_ws/install/vesc_msgs/include/vesc_msgs/vesc_msgs/msg/detail
[1.021s] -- Up-to-date: /home/f1tenth/f1tenth_ws/install/vesc_msgs/include/vesc_msgs/vesc_msgs/msg/detail/vesc_imu_stamped__struct.hpp
[1.021s] -- Up-to-date: /home/f1tenth/f1tenth_ws/install/vesc_msgs/include/vesc_msgs/vesc_msgs/msg/detail/vesc_state_stamped__builder.hpp
[1.022s] -- Up-to-date: /home/f1tenth/f1tenth_ws/install/vesc_msgs/include/vesc_msgs/vesc_msgs/msg/detail/vesc_imu_stamped__builder.hpp
[1.022s] -- Up-to-date: /home/f1tenth/f1tenth_ws/install/vesc_msgs/include/vesc_msgs/vesc_msgs/msg/detail/vesc_state__struct.hpp
[1.022s] -- Up-to-date: /home/f1tenth/f1tenth_ws/install/vesc_msgs/include/vesc_msgs/vesc_msgs/msg/detail/vesc_imu__builder.hpp
[1.022s] -- Up-to-date: /home/f1tenth/f1tenth_ws/install/vesc_msgs/include/vesc_msgs/vesc_msgs/msg/detail/vesc_imu__traits.hpp
[1.023s] -- Up-to-date: /home/f1tenth/f1tenth_ws/install/vesc_msgs/include/vesc_msgs/vesc_msgs/msg/detail/vesc_state__traits.hpp
[1.023s] -- Up-to-date: /home/f1tenth/f1tenth_ws/install/vesc_msgs/include/vesc_msgs/vesc_msgs/msg/detail/vesc_state__builder.hpp
[1.023s] -- Up-to-date: /home/f1tenth/f1tenth_ws/install/vesc_msgs/include/vesc_msgs/vesc_msgs/msg/detail/vesc_state_stamped__struct.hpp
[1.024s] -- Up-to-date: /home/f1tenth/f1tenth_ws/install/vesc_msgs/include/vesc_msgs/vesc_msgs/msg/detail/vesc_imu__type_support.hpp
[1.024s] -- Up-to-date: /home/f1tenth/f1tenth_ws/install/vesc_msgs/include/vesc_msgs/vesc_msgs/msg/detail/vesc_state_stamped__type_support.hpp
[1.024s] -- Up-to-date: /home/f1tenth/f1tenth_ws/install/vesc_msgs/include/vesc_msgs/vesc_msgs/msg/detail/vesc_imu__struct.hpp
[1.024s] -- Up-to-date: /home/f1tenth/f1tenth_ws/install/vesc_msgs/include/vesc_msgs/vesc_msgs/msg/detail/vesc_state_stamped__traits.hpp
[1.024s] -- Up-to-date: /home/f1tenth/f1tenth_ws/install/vesc_msgs/include/vesc_msgs/vesc_msgs/msg/detail/vesc_imu_stamped__traits.hpp
[1.024s] -- Up-to-date: /home/f1tenth/f1tenth_ws/install/vesc_msgs/include/vesc_msgs/vesc_msgs/msg/detail/vesc_state__type_support.hpp
[1.024s] -- Up-to-date: /home/f1tenth/f1tenth_ws/install/vesc_msgs/include/vesc_msgs/vesc_msgs/msg/detail/vesc_imu_stamped__type_support.hpp
[1.024s] -- Up-to-date: /home/f1tenth/f1tenth_ws/install/vesc_msgs/include/vesc_msgs/vesc_msgs/msg/vesc_imu_stamped.hpp
[1.025s] -- Up-to-date: /home/f1tenth/f1tenth_ws/install/vesc_msgs/include/vesc_msgs/vesc_msgs/msg/vesc_imu.hpp
[1.025s] -- Up-to-date: /home/f1tenth/f1tenth_ws/install/vesc_msgs/include/vesc_msgs/vesc_msgs
[1.025s] -- Up-to-date: /home/f1tenth/f1tenth_ws/install/vesc_msgs/include/vesc_msgs/vesc_msgs/msg
[1.025s] -- Up-to-date: /home/f1tenth/f1tenth_ws/install/vesc_msgs/include/vesc_msgs/vesc_msgs/msg/detail
[1.025s] -- Up-to-date: /home/f1tenth/f1tenth_ws/install/vesc_msgs/include/vesc_msgs/vesc_msgs/msg/detail/vesc_state_stamped__rosidl_typesupport_fastrtps_cpp.hpp
[1.025s] -- Up-to-date: /home/f1tenth/f1tenth_ws/install/vesc_msgs/include/vesc_msgs/vesc_msgs/msg/detail/vesc_imu_stamped__rosidl_typesupport_fastrtps_cpp.hpp
[1.025s] -- Up-to-date: /home/f1tenth/f1tenth_ws/install/vesc_msgs/include/vesc_msgs/vesc_msgs/msg/detail/vesc_imu__rosidl_typesupport_fastrtps_cpp.hpp
[1.025s] -- Up-to-date: /home/f1tenth/f1tenth_ws/install/vesc_msgs/include/vesc_msgs/vesc_msgs/msg/detail/vesc_state__rosidl_typesupport_fastrtps_cpp.hpp
[1.026s] -- Up-to-date: /home/f1tenth/f1tenth_ws/install/vesc_msgs/include/vesc_msgs/vesc_msgs/msg/detail/dds_fastrtps
[1.026s] -- Up-to-date: /home/f1tenth/f1tenth_ws/install/vesc_msgs/include/vesc_msgs/vesc_msgs/msg/rosidl_typesupport_fastrtps_cpp__visibility_control.h
[1.026s] -- Up-to-date: /home/f1tenth/f1tenth_ws/install/vesc_msgs/lib/libvesc_msgs__rosidl_typesupport_fastrtps_cpp.so
[1.026s] -- Up-to-date: /home/f1tenth/f1tenth_ws/install/vesc_msgs/include/vesc_msgs/vesc_msgs
[1.027s] -- Up-to-date: /home/f1tenth/f1tenth_ws/install/vesc_msgs/include/vesc_msgs/vesc_msgs/msg
[1.027s] -- Up-to-date: /home/f1tenth/f1tenth_ws/install/vesc_msgs/include/vesc_msgs/vesc_msgs/msg/detail
[1.027s] -- Up-to-date: /home/f1tenth/f1tenth_ws/install/vesc_msgs/include/vesc_msgs/vesc_msgs/msg/detail/vesc_imu__rosidl_typesupport_introspection_cpp.hpp
[1.027s] -- Up-to-date: /home/f1tenth/f1tenth_ws/install/vesc_msgs/include/vesc_msgs/vesc_msgs/msg/detail/vesc_state__type_support.cpp
[1.027s] -- Up-to-date: /home/f1tenth/f1tenth_ws/install/vesc_msgs/include/vesc_msgs/vesc_msgs/msg/detail/vesc_imu_stamped__type_support.cpp
[1.027s] -- Up-to-date: /home/f1tenth/f1tenth_ws/install/vesc_msgs/include/vesc_msgs/vesc_msgs/msg/detail/vesc_state__rosidl_typesupport_introspection_cpp.hpp
[1.027s] -- Up-to-date: /home/f1tenth/f1tenth_ws/install/vesc_msgs/include/vesc_msgs/vesc_msgs/msg/detail/vesc_state_stamped__rosidl_typesupport_introspection_cpp.hpp
[1.027s] -- Up-to-date: /home/f1tenth/f1tenth_ws/install/vesc_msgs/include/vesc_msgs/vesc_msgs/msg/detail/vesc_state_stamped__type_support.cpp
[1.027s] -- Up-to-date: /home/f1tenth/f1tenth_ws/install/vesc_msgs/include/vesc_msgs/vesc_msgs/msg/detail/vesc_imu_stamped__rosidl_typesupport_introspection_cpp.hpp
[1.028s] -- Up-to-date: /home/f1tenth/f1tenth_ws/install/vesc_msgs/include/vesc_msgs/vesc_msgs/msg/detail/vesc_imu__type_support.cpp
[1.069s] -- Up-to-date: /home/f1tenth/f1tenth_ws/install/vesc_msgs/lib/libvesc_msgs__rosidl_typesupport_introspection_cpp.so
[1.069s] -- Up-to-date: /home/f1tenth/f1tenth_ws/install/vesc_msgs/lib/libvesc_msgs__rosidl_typesupport_cpp.so
[1.071s] -- Up-to-date: /home/f1tenth/f1tenth_ws/install/vesc_msgs/share/vesc_msgs/environment/pythonpath.sh
[1.071s] -- Up-to-date: /home/f1tenth/f1tenth_ws/install/vesc_msgs/share/vesc_msgs/environment/pythonpath.dsv
[1.071s] -- Up-to-date: /home/f1tenth/f1tenth_ws/install/vesc_msgs/local/lib/python3.10/dist-packages/vesc_msgs-1.2.0-py3.10.egg-info
[1.072s] -- Installing: /home/f1tenth/f1tenth_ws/install/vesc_msgs/local/lib/python3.10/dist-packages/vesc_msgs-1.2.0-py3.10.egg-info/top_level.txt
[1.072s] -- Installing: /home/f1tenth/f1tenth_ws/install/vesc_msgs/local/lib/python3.10/dist-packages/vesc_msgs-1.2.0-py3.10.egg-info/PKG-INFO
[1.076s] -- Installing: /home/f1tenth/f1tenth_ws/install/vesc_msgs/local/lib/python3.10/dist-packages/vesc_msgs-1.2.0-py3.10.egg-info/SOURCES.txt
[1.076s] -- Installing: /home/f1tenth/f1tenth_ws/install/vesc_msgs/local/lib/python3.10/dist-packages/vesc_msgs-1.2.0-py3.10.egg-info/dependency_links.txt
[1.077s] -- Up-to-date: /home/f1tenth/f1tenth_ws/install/vesc_msgs/local/lib/python3.10/dist-packages/vesc_msgs
[1.078s] -- Up-to-date: /home/f1tenth/f1tenth_ws/install/vesc_msgs/local/lib/python3.10/dist-packages/vesc_msgs/_vesc_msgs_s.ep.rosidl_typesupport_c.c
[1.079s] -- Up-to-date: /home/f1tenth/f1tenth_ws/install/vesc_msgs/local/lib/python3.10/dist-packages/vesc_msgs/_vesc_msgs_s.ep.rosidl_typesupport_fastrtps_c.c
[1.079s] -- Up-to-date: /home/f1tenth/f1tenth_ws/install/vesc_msgs/local/lib/python3.10/dist-packages/vesc_msgs/vesc_msgs_s__rosidl_typesupport_fastrtps_c.cpython-310-aarch64-linux-gnu.so
[1.079s] -- Up-to-date: /home/f1tenth/f1tenth_ws/install/vesc_msgs/local/lib/python3.10/dist-packages/vesc_msgs/msg
[1.080s] -- Up-to-date: /home/f1tenth/f1tenth_ws/install/vesc_msgs/local/lib/python3.10/dist-packages/vesc_msgs/msg/_vesc_state.py
[1.080s] -- Up-to-date: /home/f1tenth/f1tenth_ws/install/vesc_msgs/local/lib/python3.10/dist-packages/vesc_msgs/msg/_vesc_state_stamped_s.c
[1.081s] -- Up-to-date: /home/f1tenth/f1tenth_ws/install/vesc_msgs/local/lib/python3.10/dist-packages/vesc_msgs/msg/__init__.py
[1.081s] -- Up-to-date: /home/f1tenth/f1tenth_ws/install/vesc_msgs/local/lib/python3.10/dist-packages/vesc_msgs/msg/_vesc_imu_stamped.py
[1.081s] -- Up-to-date: /home/f1tenth/f1tenth_ws/install/vesc_msgs/local/lib/python3.10/dist-packages/vesc_msgs/msg/_vesc_imu_stamped_s.c
[1.082s] -- Up-to-date: /home/f1tenth/f1tenth_ws/install/vesc_msgs/local/lib/python3.10/dist-packages/vesc_msgs/msg/_vesc_state_s.c
[1.082s] -- Up-to-date: /home/f1tenth/f1tenth_ws/install/vesc_msgs/local/lib/python3.10/dist-packages/vesc_msgs/msg/_vesc_state_stamped.py
[1.083s] -- Up-to-date: /home/f1tenth/f1tenth_ws/install/vesc_msgs/local/lib/python3.10/dist-packages/vesc_msgs/msg/_vesc_imu_s.c
[1.083s] -- Up-to-date: /home/f1tenth/f1tenth_ws/install/vesc_msgs/local/lib/python3.10/dist-packages/vesc_msgs/msg/_vesc_imu.py
[1.098s] -- Up-to-date: /home/f1tenth/f1tenth_ws/install/vesc_msgs/local/lib/python3.10/dist-packages/vesc_msgs/vesc_msgs_s__rosidl_typesupport_introspection_c.cpython-310-aarch64-linux-gnu.so
[1.098s] -- Up-to-date: /home/f1tenth/f1tenth_ws/install/vesc_msgs/local/lib/python3.10/dist-packages/vesc_msgs/libvesc_msgs__rosidl_generator_py.so
[1.099s] -- Up-to-date: /home/f1tenth/f1tenth_ws/install/vesc_msgs/local/lib/python3.10/dist-packages/vesc_msgs/__init__.py
[1.100s] -- Up-to-date: /home/f1tenth/f1tenth_ws/install/vesc_msgs/local/lib/python3.10/dist-packages/vesc_msgs/vesc_msgs_s__rosidl_typesupport_c.cpython-310-aarch64-linux-gnu.so
[1.100s] -- Up-to-date: /home/f1tenth/f1tenth_ws/install/vesc_msgs/local/lib/python3.10/dist-packages/vesc_msgs/_vesc_msgs_s.ep.rosidl_typesupport_introspection_c.c
[1.111s] Listing '/home/f1tenth/f1tenth_ws/install/vesc_msgs/local/lib/python3.10/dist-packages/vesc_msgs'...
[1.113s] Listing '/home/f1tenth/f1tenth_ws/install/vesc_msgs/local/lib/python3.10/dist-packages/vesc_msgs/msg'...
[1.114s] -- Up-to-date: /home/f1tenth/f1tenth_ws/install/vesc_msgs/local/lib/python3.10/dist-packages/vesc_msgs/vesc_msgs_s__rosidl_typesupport_fastrtps_c.cpython-310-aarch64-linux-gnu.so
[1.114s] -- Up-to-date: /home/f1tenth/f1tenth_ws/install/vesc_msgs/local/lib/python3.10/dist-packages/vesc_msgs/vesc_msgs_s__rosidl_typesupport_introspection_c.cpython-310-aarch64-linux-gnu.so
[1.114s] -- Up-to-date: /home/f1tenth/f1tenth_ws/install/vesc_msgs/local/lib/python3.10/dist-packages/vesc_msgs/vesc_msgs_s__rosidl_typesupport_c.cpython-310-aarch64-linux-gnu.so
[1.114s] -- Up-to-date: /home/f1tenth/f1tenth_ws/install/vesc_msgs/lib/libvesc_msgs__rosidl_generator_py.so
[1.115s] -- Up-to-date: /home/f1tenth/f1tenth_ws/install/vesc_msgs/share/vesc_msgs/msg/VescState.idl
[1.115s] -- Up-to-date: /home/f1tenth/f1tenth_ws/install/vesc_msgs/share/vesc_msgs/msg/VescStateStamped.idl
[1.115s] -- Up-to-date: /home/f1tenth/f1tenth_ws/install/vesc_msgs/share/vesc_msgs/msg/VescImu.idl
[1.115s] -- Up-to-date: /home/f1tenth/f1tenth_ws/install/vesc_msgs/share/vesc_msgs/msg/VescImuStamped.idl
[1.116s] -- Up-to-date: /home/f1tenth/f1tenth_ws/install/vesc_msgs/share/vesc_msgs/msg/VescState.msg
[1.116s] -- Up-to-date: /home/f1tenth/f1tenth_ws/install/vesc_msgs/share/vesc_msgs/msg/VescStateStamped.msg
[1.116s] -- Up-to-date: /home/f1tenth/f1tenth_ws/install/vesc_msgs/share/vesc_msgs/msg/VescImu.msg
[1.116s] -- Up-to-date: /home/f1tenth/f1tenth_ws/install/vesc_msgs/share/vesc_msgs/msg/VescImuStamped.msg
[1.116s] -- Up-to-date: /home/f1tenth/f1tenth_ws/install/vesc_msgs/share/ament_index/resource_index/package_run_dependencies/vesc_msgs
[1.117s] -- Up-to-date: /home/f1tenth/f1tenth_ws/install/vesc_msgs/share/ament_index/resource_index/parent_prefix_path/vesc_msgs
[1.117s] -- Up-to-date: /home/f1tenth/f1tenth_ws/install/vesc_msgs/share/vesc_msgs/environment/ament_prefix_path.sh
[1.117s] -- Up-to-date: /home/f1tenth/f1tenth_ws/install/vesc_msgs/share/vesc_msgs/environment/ament_prefix_path.dsv
[1.117s] -- Up-to-date: /home/f1tenth/f1tenth_ws/install/vesc_msgs/share/vesc_msgs/environment/path.sh
[1.118s] -- Up-to-date: /home/f1tenth/f1tenth_ws/install/vesc_msgs/share/vesc_msgs/environment/path.dsv
[1.118s] -- Up-to-date: /home/f1tenth/f1tenth_ws/install/vesc_msgs/share/vesc_msgs/local_setup.bash
[1.119s] -- Up-to-date: /home/f1tenth/f1tenth_ws/install/vesc_msgs/share/vesc_msgs/local_setup.sh
[1.119s] -- Up-to-date: /home/f1tenth/f1tenth_ws/install/vesc_msgs/share/vesc_msgs/local_setup.zsh
[1.119s] -- Up-to-date: /home/f1tenth/f1tenth_ws/install/vesc_msgs/share/vesc_msgs/local_setup.dsv
[1.120s] -- Installing: /home/f1tenth/f1tenth_ws/install/vesc_msgs/share/vesc_msgs/package.dsv
[1.120s] -- Up-to-date: /home/f1tenth/f1tenth_ws/install/vesc_msgs/share/ament_index/resource_index/packages/vesc_msgs
[1.120s] -- Up-to-date: /home/f1tenth/f1tenth_ws/install/vesc_msgs/share/vesc_msgs/cmake/export_vesc_msgs__rosidl_generator_cExport.cmake
[1.121s] -- Up-to-date: /home/f1tenth/f1tenth_ws/install/vesc_msgs/share/vesc_msgs/cmake/export_vesc_msgs__rosidl_generator_cExport-noconfig.cmake
[1.121s] -- Up-to-date: /home/f1tenth/f1tenth_ws/install/vesc_msgs/share/vesc_msgs/cmake/export_vesc_msgs__rosidl_typesupport_fastrtps_cExport.cmake
[1.121s] -- Up-to-date: /home/f1tenth/f1tenth_ws/install/vesc_msgs/share/vesc_msgs/cmake/export_vesc_msgs__rosidl_typesupport_fastrtps_cExport-noconfig.cmake
[1.122s] -- Up-to-date: /home/f1tenth/f1tenth_ws/install/vesc_msgs/share/vesc_msgs/cmake/vesc_msgs__rosidl_typesupport_introspection_cExport.cmake
[1.122s] -- Up-to-date: /home/f1tenth/f1tenth_ws/install/vesc_msgs/share/vesc_msgs/cmake/vesc_msgs__rosidl_typesupport_introspection_cExport-noconfig.cmake
[1.122s] -- Up-to-date: /home/f1tenth/f1tenth_ws/install/vesc_msgs/share/vesc_msgs/cmake/vesc_msgs__rosidl_typesupport_cExport.cmake
[1.122s] -- Up-to-date: /home/f1tenth/f1tenth_ws/install/vesc_msgs/share/vesc_msgs/cmake/vesc_msgs__rosidl_typesupport_cExport-noconfig.cmake
[1.123s] -- Up-to-date: /home/f1tenth/f1tenth_ws/install/vesc_msgs/share/vesc_msgs/cmake/export_vesc_msgs__rosidl_generator_cppExport.cmake
[1.123s] -- Up-to-date: /home/f1tenth/f1tenth_ws/install/vesc_msgs/share/vesc_msgs/cmake/export_vesc_msgs__rosidl_typesupport_fastrtps_cppExport.cmake
[1.124s] -- Up-to-date: /home/f1tenth/f1tenth_ws/install/vesc_msgs/share/vesc_msgs/cmake/export_vesc_msgs__rosidl_typesupport_fastrtps_cppExport-noconfig.cmake
[1.125s] -- Up-to-date: /home/f1tenth/f1tenth_ws/install/vesc_msgs/share/vesc_msgs/cmake/vesc_msgs__rosidl_typesupport_introspection_cppExport.cmake
[1.126s] -- Up-to-date: /home/f1tenth/f1tenth_ws/install/vesc_msgs/share/vesc_msgs/cmake/vesc_msgs__rosidl_typesupport_introspection_cppExport-noconfig.cmake
[1.126s] -- Up-to-date: /home/f1tenth/f1tenth_ws/install/vesc_msgs/share/vesc_msgs/cmake/vesc_msgs__rosidl_typesupport_cppExport.cmake
[1.127s] -- Up-to-date: /home/f1tenth/f1tenth_ws/install/vesc_msgs/share/vesc_msgs/cmake/vesc_msgs__rosidl_typesupport_cppExport-noconfig.cmake
[1.127s] -- Up-to-date: /home/f1tenth/f1tenth_ws/install/vesc_msgs/share/vesc_msgs/cmake/export_vesc_msgs__rosidl_generator_pyExport.cmake
[1.127s] -- Up-to-date: /home/f1tenth/f1tenth_ws/install/vesc_msgs/share/vesc_msgs/cmake/export_vesc_msgs__rosidl_generator_pyExport-noconfig.cmake
[1.128s] -- Up-to-date: /home/f1tenth/f1tenth_ws/install/vesc_msgs/share/vesc_msgs/cmake/rosidl_cmake-extras.cmake
[1.128s] -- Up-to-date: /home/f1tenth/f1tenth_ws/install/vesc_msgs/share/vesc_msgs/cmake/ament_cmake_export_dependencies-extras.cmake
[1.129s] -- Up-to-date: /home/f1tenth/f1tenth_ws/install/vesc_msgs/share/vesc_msgs/cmake/ament_cmake_export_include_directories-extras.cmake
[1.129s] -- Up-to-date: /home/f1tenth/f1tenth_ws/install/vesc_msgs/share/vesc_msgs/cmake/ament_cmake_export_libraries-extras.cmake
[1.129s] -- Up-to-date: /home/f1tenth/f1tenth_ws/install/vesc_msgs/share/vesc_msgs/cmake/ament_cmake_export_targets-extras.cmake
[1.130s] -- Up-to-date: /home/f1tenth/f1tenth_ws/install/vesc_msgs/share/vesc_msgs/cmake/rosidl_cmake_export_typesupport_targets-extras.cmake
[1.131s] -- Up-to-date: /home/f1tenth/f1tenth_ws/install/vesc_msgs/share/vesc_msgs/cmake/rosidl_cmake_export_typesupport_libraries-extras.cmake
[1.131s] -- Up-to-date: /home/f1tenth/f1tenth_ws/install/vesc_msgs/share/vesc_msgs/cmake/vesc_msgsConfig.cmake
[1.131s] -- Up-to-date: /home/f1tenth/f1tenth_ws/install/vesc_msgs/share/vesc_msgs/cmake/vesc_msgsConfig-version.cmake
[1.131s] -- Up-to-date: /home/f1tenth/f1tenth_ws/install/vesc_msgs/share/vesc_msgs/package.xml
[1.176s] Invoked command in '/home/f1tenth/f1tenth_ws/build/vesc_msgs' returned '0': CMAKE_PREFIX_PATH=${CMAKE_PREFIX_PATH}:/home/f1tenth/f1tenth_ws/install/f1tenth_stack:/home/f1tenth/f1tenth_ws/install/joy_teleop:/home/f1tenth/f1tenth_ws/install/mouse_teleop:/home/f1tenth/f1tenth_ws/install/key_teleop /usr/bin/cmake --install /home/f1tenth/f1tenth_ws/build/vesc_msgs
