/home/f1tenth/f1tenth_ws/install/optitrack/lib/python3.10/site-packages/optitrack/DataDescriptions.py
/home/f1tenth/f1tenth_ws/install/optitrack/lib/python3.10/site-packages/optitrack/optitrack_test.py
/home/f1tenth/f1tenth_ws/install/optitrack/lib/python3.10/site-packages/optitrack/NatNetClient.py
/home/f1tenth/f1tenth_ws/install/optitrack/lib/python3.10/site-packages/optitrack/util.py
/home/f1tenth/f1tenth_ws/install/optitrack/lib/python3.10/site-packages/optitrack/MoCapData.py
/home/f1tenth/f1tenth_ws/install/optitrack/lib/python3.10/site-packages/optitrack/__init__.py
/home/f1tenth/f1tenth_ws/install/optitrack/lib/python3.10/site-packages/optitrack/optitrack_node.py
/home/f1tenth/f1tenth_ws/install/optitrack/lib/python3.10/site-packages/optitrack/__pycache__/DataDescriptions.cpython-310.pyc
/home/f1tenth/f1tenth_ws/install/optitrack/lib/python3.10/site-packages/optitrack/__pycache__/optitrack_test.cpython-310.pyc
/home/f1tenth/f1tenth_ws/install/optitrack/lib/python3.10/site-packages/optitrack/__pycache__/NatNetClient.cpython-310.pyc
/home/f1tenth/f1tenth_ws/install/optitrack/lib/python3.10/site-packages/optitrack/__pycache__/util.cpython-310.pyc
/home/f1tenth/f1tenth_ws/install/optitrack/lib/python3.10/site-packages/optitrack/__pycache__/MoCapData.cpython-310.pyc
/home/f1tenth/f1tenth_ws/install/optitrack/lib/python3.10/site-packages/optitrack/__pycache__/__init__.cpython-310.pyc
/home/f1tenth/f1tenth_ws/install/optitrack/lib/python3.10/site-packages/optitrack/__pycache__/optitrack_node.cpython-310.pyc
/home/f1tenth/f1tenth_ws/install/optitrack/share/ament_index/resource_index/packages/optitrack
/home/f1tenth/f1tenth_ws/install/optitrack/share/optitrack/package.xml
/home/f1tenth/f1tenth_ws/install/optitrack/lib/python3.10/site-packages/optitrack-0.0.0-py3.10.egg-info/top_level.txt
/home/f1tenth/f1tenth_ws/install/optitrack/lib/python3.10/site-packages/optitrack-0.0.0-py3.10.egg-info/entry_points.txt
/home/f1tenth/f1tenth_ws/install/optitrack/lib/python3.10/site-packages/optitrack-0.0.0-py3.10.egg-info/zip-safe
/home/f1tenth/f1tenth_ws/install/optitrack/lib/python3.10/site-packages/optitrack-0.0.0-py3.10.egg-info/PKG-INFO
/home/f1tenth/f1tenth_ws/install/optitrack/lib/python3.10/site-packages/optitrack-0.0.0-py3.10.egg-info/SOURCES.txt
/home/f1tenth/f1tenth_ws/install/optitrack/lib/python3.10/site-packages/optitrack-0.0.0-py3.10.egg-info/requires.txt
/home/f1tenth/f1tenth_ws/install/optitrack/lib/python3.10/site-packages/optitrack-0.0.0-py3.10.egg-info/dependency_links.txt
