[1.539s] Invoking command in '/home/f1tenth/f1tenth_ws/src/f1tenth_system/teleop_tools/key_teleop': PYTHONPATH=/home/f1tenth/f1tenth_ws/build/key_teleop/prefix_override:/usr/lib/python3/dist-packages/colcon_core/task/python/colcon_distutils_commands:/home/f1tenth/f1tenth_ws/install/key_teleop/lib/python3.10/site-packages: /usr/bin/python3 -W ignore:setup.py install is deprecated -W ignore:easy_install command is deprecated setup.py egg_info --egg-base ../../../../build/key_teleop build --build-base /home/f1tenth/f1tenth_ws/build/key_teleop/build install --record /home/f1tenth/f1tenth_ws/build/key_teleop/install.log --single-version-externally-managed install_data
[1.909s] running egg_info
[1.911s] writing ../../../../build/key_teleop/key_teleop.egg-info/PKG-INFO
[1.913s] writing dependency_links to ../../../../build/key_teleop/key_teleop.egg-info/dependency_links.txt
[1.913s] writing entry points to ../../../../build/key_teleop/key_teleop.egg-info/entry_points.txt
[1.914s] writing requirements to ../../../../build/key_teleop/key_teleop.egg-info/requires.txt
[1.914s] writing top-level names to ../../../../build/key_teleop/key_teleop.egg-info/top_level.txt
[1.915s] reading manifest file '../../../../build/key_teleop/key_teleop.egg-info/SOURCES.txt'
[1.915s] adding license file 'LICENSE'
[1.916s] writing manifest file '../../../../build/key_teleop/key_teleop.egg-info/SOURCES.txt'
[1.917s] running build
[1.917s] running build_py
[1.918s] running install
[1.918s] running install_lib
[1.921s] running install_data
[1.921s] running install_egg_info
[1.924s] removing '/home/f1tenth/f1tenth_ws/install/key_teleop/lib/python3.10/site-packages/key_teleop-0.3.0-py3.10.egg-info' (and everything under it)
[1.924s] Copying ../../../../build/key_teleop/key_teleop.egg-info to /home/f1tenth/f1tenth_ws/install/key_teleop/lib/python3.10/site-packages/key_teleop-0.3.0-py3.10.egg-info
[1.926s] running install_scripts
[1.964s] Installing key_teleop script to /home/f1tenth/f1tenth_ws/install/key_teleop/lib/key_teleop
[1.965s] writing list of installed files to '/home/f1tenth/f1tenth_ws/build/key_teleop/install.log'
[2.046s] Invoked command in '/home/f1tenth/f1tenth_ws/src/f1tenth_system/teleop_tools/key_teleop' returned '0': PYTHONPATH=/home/f1tenth/f1tenth_ws/build/key_teleop/prefix_override:/usr/lib/python3/dist-packages/colcon_core/task/python/colcon_distutils_commands:/home/f1tenth/f1tenth_ws/install/key_teleop/lib/python3.10/site-packages: /usr/bin/python3 -W ignore:setup.py install is deprecated -W ignore:easy_install command is deprecated setup.py egg_info --egg-base ../../../../build/key_teleop build --build-base /home/f1tenth/f1tenth_ws/build/key_teleop/build install --record /home/f1tenth/f1tenth_ws/build/key_teleop/install.log --single-version-externally-managed install_data
