[0.046s] Invoking command in '/home/f1tenth/f1tenth_ws/build/teleop_tools_msgs': CMAKE_PREFIX_PATH=${CMAKE_PREFIX_PATH}:/home/f1tenth/f1tenth_ws/install/f1tenth_stack:/home/f1tenth/f1tenth_ws/install/joy_teleop:/home/f1tenth/f1tenth_ws/install/mouse_teleop:/home/f1tenth/f1tenth_ws/install/key_teleop:/opt/ros/humble /usr/bin/cmake --build /home/f1tenth/f1tenth_ws/build/teleop_tools_msgs -- -j6 -l6
[0.622s] [  3%] Built target teleop_tools_msgs__cpp
[0.622s] [  3%] Built target ament_cmake_python_copy_teleop_tools_msgs
[0.622s] [ 12%] Built target teleop_tools_msgs__rosidl_generator_c
[0.622s] [ 22%] Built target teleop_tools_msgs__rosidl_typesupport_cpp
[0.622s] [ 32%] Built target teleop_tools_msgs__rosidl_typesupport_introspection_cpp
[0.622s] [ 41%] Built target teleop_tools_msgs__rosidl_typesupport_fastrtps_cpp
[0.622s] [ 51%] Built target teleop_tools_msgs__rosidl_typesupport_fastrtps_c
[0.623s] [ 61%] Built target teleop_tools_msgs__rosidl_typesupport_introspection_c
[0.623s] [ 70%] Built target teleop_tools_msgs__rosidl_typesupport_c
[0.623s] [ 70%] Built target teleop_tools_msgs
[0.623s] [ 74%] Built target teleop_tools_msgs__py
[0.623s] [ 80%] Built target teleop_tools_msgs__rosidl_generator_py
[0.623s] [ 87%] Built target teleop_tools_msgs__rosidl_typesupport_introspection_c__pyext
[0.623s] [ 93%] Built target teleop_tools_msgs__rosidl_typesupport_fastrtps_c__pyext
[0.623s] [100%] Built target teleop_tools_msgs__rosidl_typesupport_c__pyext
[0.709s] running egg_info
[0.710s] writing teleop_tools_msgs.egg-info/PKG-INFO
[0.710s] writing dependency_links to teleop_tools_msgs.egg-info/dependency_links.txt
[0.711s] writing top-level names to teleop_tools_msgs.egg-info/top_level.txt
[0.715s] reading manifest file 'teleop_tools_msgs.egg-info/SOURCES.txt'
[0.717s] writing manifest file 'teleop_tools_msgs.egg-info/SOURCES.txt'
[0.791s] [100%] Built target ament_cmake_python_build_teleop_tools_msgs_egg
[1.165s] Invoked command in '/home/f1tenth/f1tenth_ws/build/teleop_tools_msgs' returned '0': CMAKE_PREFIX_PATH=${CMAKE_PREFIX_PATH}:/home/f1tenth/f1tenth_ws/install/f1tenth_stack:/home/f1tenth/f1tenth_ws/install/joy_teleop:/home/f1tenth/f1tenth_ws/install/mouse_teleop:/home/f1tenth/f1tenth_ws/install/key_teleop:/opt/ros/humble /usr/bin/cmake --build /home/f1tenth/f1tenth_ws/build/teleop_tools_msgs -- -j6 -l6
[1.169s] Invoking command in '/home/f1tenth/f1tenth_ws/build/teleop_tools_msgs': CMAKE_PREFIX_PATH=${CMAKE_PREFIX_PATH}:/home/f1tenth/f1tenth_ws/install/f1tenth_stack:/home/f1tenth/f1tenth_ws/install/joy_teleop:/home/f1tenth/f1tenth_ws/install/mouse_teleop:/home/f1tenth/f1tenth_ws/install/key_teleop:/opt/ros/humble /usr/bin/cmake --install /home/f1tenth/f1tenth_ws/build/teleop_tools_msgs
[1.186s] -- Install configuration: ""
[1.186s] -- Up-to-date: /home/f1tenth/f1tenth_ws/install/teleop_tools_msgs/share/ament_index/resource_index/rosidl_interfaces/teleop_tools_msgs
[1.187s] -- Up-to-date: /home/f1tenth/f1tenth_ws/install/teleop_tools_msgs/include/teleop_tools_msgs/teleop_tools_msgs
[1.188s] -- Up-to-date: /home/f1tenth/f1tenth_ws/install/teleop_tools_msgs/include/teleop_tools_msgs/teleop_tools_msgs/msg
[1.188s] -- Up-to-date: /home/f1tenth/f1tenth_ws/install/teleop_tools_msgs/include/teleop_tools_msgs/teleop_tools_msgs/msg/rosidl_generator_c__visibility_control.h
[1.188s] -- Up-to-date: /home/f1tenth/f1tenth_ws/install/teleop_tools_msgs/include/teleop_tools_msgs/teleop_tools_msgs/action
[1.189s] -- Up-to-date: /home/f1tenth/f1tenth_ws/install/teleop_tools_msgs/include/teleop_tools_msgs/teleop_tools_msgs/action/increment.h
[1.189s] -- Up-to-date: /home/f1tenth/f1tenth_ws/install/teleop_tools_msgs/include/teleop_tools_msgs/teleop_tools_msgs/action/detail
[1.189s] -- Up-to-date: /home/f1tenth/f1tenth_ws/install/teleop_tools_msgs/include/teleop_tools_msgs/teleop_tools_msgs/action/detail/increment__functions.h
[1.189s] -- Up-to-date: /home/f1tenth/f1tenth_ws/install/teleop_tools_msgs/include/teleop_tools_msgs/teleop_tools_msgs/action/detail/increment__type_support.h
[1.189s] -- Up-to-date: /home/f1tenth/f1tenth_ws/install/teleop_tools_msgs/include/teleop_tools_msgs/teleop_tools_msgs/action/detail/increment__struct.h
[1.190s] -- Up-to-date: /home/f1tenth/f1tenth_ws/install/teleop_tools_msgs/include/teleop_tools_msgs/teleop_tools_msgs/action/detail/increment__functions.c
[1.190s] -- Up-to-date: /home/f1tenth/f1tenth_ws/install/teleop_tools_msgs/share/teleop_tools_msgs/environment/library_path.sh
[1.190s] -- Up-to-date: /home/f1tenth/f1tenth_ws/install/teleop_tools_msgs/share/teleop_tools_msgs/environment/library_path.dsv
[1.190s] -- Up-to-date: /home/f1tenth/f1tenth_ws/install/teleop_tools_msgs/lib/libteleop_tools_msgs__rosidl_generator_c.so
[1.190s] -- Up-to-date: /home/f1tenth/f1tenth_ws/install/teleop_tools_msgs/include/teleop_tools_msgs/teleop_tools_msgs
[1.190s] -- Up-to-date: /home/f1tenth/f1tenth_ws/install/teleop_tools_msgs/include/teleop_tools_msgs/teleop_tools_msgs/msg
[1.190s] -- Up-to-date: /home/f1tenth/f1tenth_ws/install/teleop_tools_msgs/include/teleop_tools_msgs/teleop_tools_msgs/msg/rosidl_typesupport_fastrtps_c__visibility_control.h
[1.191s] -- Up-to-date: /home/f1tenth/f1tenth_ws/install/teleop_tools_msgs/include/teleop_tools_msgs/teleop_tools_msgs/action
[1.191s] -- Up-to-date: /home/f1tenth/f1tenth_ws/install/teleop_tools_msgs/include/teleop_tools_msgs/teleop_tools_msgs/action/detail
[1.191s] -- Up-to-date: /home/f1tenth/f1tenth_ws/install/teleop_tools_msgs/include/teleop_tools_msgs/teleop_tools_msgs/action/detail/increment__rosidl_typesupport_fastrtps_c.h
[1.191s] -- Up-to-date: /home/f1tenth/f1tenth_ws/install/teleop_tools_msgs/lib/libteleop_tools_msgs__rosidl_typesupport_fastrtps_c.so
[1.192s] -- Up-to-date: /home/f1tenth/f1tenth_ws/install/teleop_tools_msgs/include/teleop_tools_msgs/teleop_tools_msgs
[1.192s] -- Up-to-date: /home/f1tenth/f1tenth_ws/install/teleop_tools_msgs/include/teleop_tools_msgs/teleop_tools_msgs/msg
[1.192s] -- Up-to-date: /home/f1tenth/f1tenth_ws/install/teleop_tools_msgs/include/teleop_tools_msgs/teleop_tools_msgs/msg/rosidl_typesupport_introspection_c__visibility_control.h
[1.193s] -- Up-to-date: /home/f1tenth/f1tenth_ws/install/teleop_tools_msgs/include/teleop_tools_msgs/teleop_tools_msgs/action
[1.195s] -- Up-to-date: /home/f1tenth/f1tenth_ws/install/teleop_tools_msgs/include/teleop_tools_msgs/teleop_tools_msgs/action/detail
[1.196s] -- Up-to-date: /home/f1tenth/f1tenth_ws/install/teleop_tools_msgs/include/teleop_tools_msgs/teleop_tools_msgs/action/detail/increment__type_support.c
[1.197s] -- Up-to-date: /home/f1tenth/f1tenth_ws/install/teleop_tools_msgs/include/teleop_tools_msgs/teleop_tools_msgs/action/detail/increment__rosidl_typesupport_introspection_c.h
[1.197s] -- Up-to-date: /home/f1tenth/f1tenth_ws/install/teleop_tools_msgs/lib/libteleop_tools_msgs__rosidl_typesupport_introspection_c.so
[1.198s] -- Up-to-date: /home/f1tenth/f1tenth_ws/install/teleop_tools_msgs/lib/libteleop_tools_msgs__rosidl_typesupport_c.so
[1.199s] -- Up-to-date: /home/f1tenth/f1tenth_ws/install/teleop_tools_msgs/include/teleop_tools_msgs/teleop_tools_msgs
[1.200s] -- Up-to-date: /home/f1tenth/f1tenth_ws/install/teleop_tools_msgs/include/teleop_tools_msgs/teleop_tools_msgs/msg
[1.200s] -- Up-to-date: /home/f1tenth/f1tenth_ws/install/teleop_tools_msgs/include/teleop_tools_msgs/teleop_tools_msgs/msg/rosidl_generator_cpp__visibility_control.hpp
[1.201s] -- Up-to-date: /home/f1tenth/f1tenth_ws/install/teleop_tools_msgs/include/teleop_tools_msgs/teleop_tools_msgs/action
[1.201s] -- Up-to-date: /home/f1tenth/f1tenth_ws/install/teleop_tools_msgs/include/teleop_tools_msgs/teleop_tools_msgs/action/increment.hpp
[1.201s] -- Up-to-date: /home/f1tenth/f1tenth_ws/install/teleop_tools_msgs/include/teleop_tools_msgs/teleop_tools_msgs/action/detail
[1.202s] -- Up-to-date: /home/f1tenth/f1tenth_ws/install/teleop_tools_msgs/include/teleop_tools_msgs/teleop_tools_msgs/action/detail/increment__traits.hpp
[1.202s] -- Up-to-date: /home/f1tenth/f1tenth_ws/install/teleop_tools_msgs/include/teleop_tools_msgs/teleop_tools_msgs/action/detail/increment__type_support.hpp
[1.202s] -- Up-to-date: /home/f1tenth/f1tenth_ws/install/teleop_tools_msgs/include/teleop_tools_msgs/teleop_tools_msgs/action/detail/increment__struct.hpp
[1.203s] -- Up-to-date: /home/f1tenth/f1tenth_ws/install/teleop_tools_msgs/include/teleop_tools_msgs/teleop_tools_msgs/action/detail/increment__builder.hpp
[1.204s] -- Up-to-date: /home/f1tenth/f1tenth_ws/install/teleop_tools_msgs/include/teleop_tools_msgs/teleop_tools_msgs
[1.205s] -- Up-to-date: /home/f1tenth/f1tenth_ws/install/teleop_tools_msgs/include/teleop_tools_msgs/teleop_tools_msgs/msg
[1.205s] -- Up-to-date: /home/f1tenth/f1tenth_ws/install/teleop_tools_msgs/include/teleop_tools_msgs/teleop_tools_msgs/msg/rosidl_typesupport_fastrtps_cpp__visibility_control.h
[1.206s] -- Up-to-date: /home/f1tenth/f1tenth_ws/install/teleop_tools_msgs/include/teleop_tools_msgs/teleop_tools_msgs/action
[1.206s] -- Up-to-date: /home/f1tenth/f1tenth_ws/install/teleop_tools_msgs/include/teleop_tools_msgs/teleop_tools_msgs/action/detail
[1.206s] -- Up-to-date: /home/f1tenth/f1tenth_ws/install/teleop_tools_msgs/include/teleop_tools_msgs/teleop_tools_msgs/action/detail/increment__rosidl_typesupport_fastrtps_cpp.hpp
[1.207s] -- Up-to-date: /home/f1tenth/f1tenth_ws/install/teleop_tools_msgs/include/teleop_tools_msgs/teleop_tools_msgs/action/detail/dds_fastrtps
[1.207s] -- Up-to-date: /home/f1tenth/f1tenth_ws/install/teleop_tools_msgs/lib/libteleop_tools_msgs__rosidl_typesupport_fastrtps_cpp.so
[1.207s] -- Up-to-date: /home/f1tenth/f1tenth_ws/install/teleop_tools_msgs/include/teleop_tools_msgs/teleop_tools_msgs
[1.208s] -- Up-to-date: /home/f1tenth/f1tenth_ws/install/teleop_tools_msgs/include/teleop_tools_msgs/teleop_tools_msgs/action
[1.208s] -- Up-to-date: /home/f1tenth/f1tenth_ws/install/teleop_tools_msgs/include/teleop_tools_msgs/teleop_tools_msgs/action/detail
[1.208s] -- Up-to-date: /home/f1tenth/f1tenth_ws/install/teleop_tools_msgs/include/teleop_tools_msgs/teleop_tools_msgs/action/detail/increment__type_support.cpp
[1.208s] -- Up-to-date: /home/f1tenth/f1tenth_ws/install/teleop_tools_msgs/include/teleop_tools_msgs/teleop_tools_msgs/action/detail/increment__rosidl_typesupport_introspection_cpp.hpp
[1.209s] -- Up-to-date: /home/f1tenth/f1tenth_ws/install/teleop_tools_msgs/lib/libteleop_tools_msgs__rosidl_typesupport_introspection_cpp.so
[1.209s] -- Up-to-date: /home/f1tenth/f1tenth_ws/install/teleop_tools_msgs/lib/libteleop_tools_msgs__rosidl_typesupport_cpp.so
[1.209s] -- Up-to-date: /home/f1tenth/f1tenth_ws/install/teleop_tools_msgs/share/teleop_tools_msgs/environment/pythonpath.sh
[1.210s] -- Up-to-date: /home/f1tenth/f1tenth_ws/install/teleop_tools_msgs/share/teleop_tools_msgs/environment/pythonpath.dsv
[1.211s] -- Up-to-date: /home/f1tenth/f1tenth_ws/install/teleop_tools_msgs/local/lib/python3.10/dist-packages/teleop_tools_msgs-1.2.1-py3.10.egg-info
[1.211s] -- Installing: /home/f1tenth/f1tenth_ws/install/teleop_tools_msgs/local/lib/python3.10/dist-packages/teleop_tools_msgs-1.2.1-py3.10.egg-info/top_level.txt
[1.211s] -- Installing: /home/f1tenth/f1tenth_ws/install/teleop_tools_msgs/local/lib/python3.10/dist-packages/teleop_tools_msgs-1.2.1-py3.10.egg-info/PKG-INFO
[1.211s] -- Installing: /home/f1tenth/f1tenth_ws/install/teleop_tools_msgs/local/lib/python3.10/dist-packages/teleop_tools_msgs-1.2.1-py3.10.egg-info/SOURCES.txt
[1.212s] -- Installing: /home/f1tenth/f1tenth_ws/install/teleop_tools_msgs/local/lib/python3.10/dist-packages/teleop_tools_msgs-1.2.1-py3.10.egg-info/dependency_links.txt
[1.212s] -- Up-to-date: /home/f1tenth/f1tenth_ws/install/teleop_tools_msgs/local/lib/python3.10/dist-packages/teleop_tools_msgs
[1.212s] -- Up-to-date: /home/f1tenth/f1tenth_ws/install/teleop_tools_msgs/local/lib/python3.10/dist-packages/teleop_tools_msgs/teleop_tools_msgs_s__rosidl_typesupport_fastrtps_c.cpython-310-aarch64-linux-gnu.so
[1.213s] -- Up-to-date: /home/f1tenth/f1tenth_ws/install/teleop_tools_msgs/local/lib/python3.10/dist-packages/teleop_tools_msgs/_teleop_tools_msgs_s.ep.rosidl_typesupport_c.c
[1.213s] -- Up-to-date: /home/f1tenth/f1tenth_ws/install/teleop_tools_msgs/local/lib/python3.10/dist-packages/teleop_tools_msgs/teleop_tools_msgs_s__rosidl_typesupport_c.cpython-310-aarch64-linux-gnu.so
[1.213s] -- Up-to-date: /home/f1tenth/f1tenth_ws/install/teleop_tools_msgs/local/lib/python3.10/dist-packages/teleop_tools_msgs/teleop_tools_msgs_s__rosidl_typesupport_introspection_c.cpython-310-aarch64-linux-gnu.so
[1.214s] -- Up-to-date: /home/f1tenth/f1tenth_ws/install/teleop_tools_msgs/local/lib/python3.10/dist-packages/teleop_tools_msgs/__init__.py
[1.214s] -- Up-to-date: /home/f1tenth/f1tenth_ws/install/teleop_tools_msgs/local/lib/python3.10/dist-packages/teleop_tools_msgs/action
[1.214s] -- Up-to-date: /home/f1tenth/f1tenth_ws/install/teleop_tools_msgs/local/lib/python3.10/dist-packages/teleop_tools_msgs/action/_increment.py
[1.214s] -- Up-to-date: /home/f1tenth/f1tenth_ws/install/teleop_tools_msgs/local/lib/python3.10/dist-packages/teleop_tools_msgs/action/_increment_s.c
[1.214s] -- Up-to-date: /home/f1tenth/f1tenth_ws/install/teleop_tools_msgs/local/lib/python3.10/dist-packages/teleop_tools_msgs/action/__init__.py
[1.215s] -- Up-to-date: /home/f1tenth/f1tenth_ws/install/teleop_tools_msgs/local/lib/python3.10/dist-packages/teleop_tools_msgs/_teleop_tools_msgs_s.ep.rosidl_typesupport_introspection_c.c
[1.215s] -- Up-to-date: /home/f1tenth/f1tenth_ws/install/teleop_tools_msgs/local/lib/python3.10/dist-packages/teleop_tools_msgs/_teleop_tools_msgs_s.ep.rosidl_typesupport_fastrtps_c.c
[1.215s] -- Up-to-date: /home/f1tenth/f1tenth_ws/install/teleop_tools_msgs/local/lib/python3.10/dist-packages/teleop_tools_msgs/libteleop_tools_msgs__rosidl_generator_py.so
[1.266s] Listing '/home/f1tenth/f1tenth_ws/install/teleop_tools_msgs/local/lib/python3.10/dist-packages/teleop_tools_msgs'...
[1.266s] Listing '/home/f1tenth/f1tenth_ws/install/teleop_tools_msgs/local/lib/python3.10/dist-packages/teleop_tools_msgs/action'...
[1.277s] -- Up-to-date: /home/f1tenth/f1tenth_ws/install/teleop_tools_msgs/local/lib/python3.10/dist-packages/teleop_tools_msgs/teleop_tools_msgs_s__rosidl_typesupport_fastrtps_c.cpython-310-aarch64-linux-gnu.so
[1.277s] -- Up-to-date: /home/f1tenth/f1tenth_ws/install/teleop_tools_msgs/local/lib/python3.10/dist-packages/teleop_tools_msgs/teleop_tools_msgs_s__rosidl_typesupport_introspection_c.cpython-310-aarch64-linux-gnu.so
[1.277s] -- Up-to-date: /home/f1tenth/f1tenth_ws/install/teleop_tools_msgs/local/lib/python3.10/dist-packages/teleop_tools_msgs/teleop_tools_msgs_s__rosidl_typesupport_c.cpython-310-aarch64-linux-gnu.so
[1.277s] -- Up-to-date: /home/f1tenth/f1tenth_ws/install/teleop_tools_msgs/lib/libteleop_tools_msgs__rosidl_generator_py.so
[1.278s] -- Up-to-date: /home/f1tenth/f1tenth_ws/install/teleop_tools_msgs/share/teleop_tools_msgs/action/Increment.idl
[1.278s] -- Up-to-date: /home/f1tenth/f1tenth_ws/install/teleop_tools_msgs/share/teleop_tools_msgs/action/Increment.action
[1.278s] -- Up-to-date: /home/f1tenth/f1tenth_ws/install/teleop_tools_msgs/share/ament_index/resource_index/package_run_dependencies/teleop_tools_msgs
[1.278s] -- Up-to-date: /home/f1tenth/f1tenth_ws/install/teleop_tools_msgs/share/ament_index/resource_index/parent_prefix_path/teleop_tools_msgs
[1.278s] -- Up-to-date: /home/f1tenth/f1tenth_ws/install/teleop_tools_msgs/share/teleop_tools_msgs/environment/ament_prefix_path.sh
[1.278s] -- Up-to-date: /home/f1tenth/f1tenth_ws/install/teleop_tools_msgs/share/teleop_tools_msgs/environment/ament_prefix_path.dsv
[1.278s] -- Up-to-date: /home/f1tenth/f1tenth_ws/install/teleop_tools_msgs/share/teleop_tools_msgs/environment/path.sh
[1.279s] -- Up-to-date: /home/f1tenth/f1tenth_ws/install/teleop_tools_msgs/share/teleop_tools_msgs/environment/path.dsv
[1.279s] -- Up-to-date: /home/f1tenth/f1tenth_ws/install/teleop_tools_msgs/share/teleop_tools_msgs/local_setup.bash
[1.279s] -- Up-to-date: /home/f1tenth/f1tenth_ws/install/teleop_tools_msgs/share/teleop_tools_msgs/local_setup.sh
[1.279s] -- Up-to-date: /home/f1tenth/f1tenth_ws/install/teleop_tools_msgs/share/teleop_tools_msgs/local_setup.zsh
[1.279s] -- Up-to-date: /home/f1tenth/f1tenth_ws/install/teleop_tools_msgs/share/teleop_tools_msgs/local_setup.dsv
[1.279s] -- Installing: /home/f1tenth/f1tenth_ws/install/teleop_tools_msgs/share/teleop_tools_msgs/package.dsv
[1.279s] -- Up-to-date: /home/f1tenth/f1tenth_ws/install/teleop_tools_msgs/share/ament_index/resource_index/packages/teleop_tools_msgs
[1.279s] -- Up-to-date: /home/f1tenth/f1tenth_ws/install/teleop_tools_msgs/share/teleop_tools_msgs/cmake/export_teleop_tools_msgs__rosidl_generator_cExport.cmake
[1.280s] -- Up-to-date: /home/f1tenth/f1tenth_ws/install/teleop_tools_msgs/share/teleop_tools_msgs/cmake/export_teleop_tools_msgs__rosidl_generator_cExport-noconfig.cmake
[1.280s] -- Up-to-date: /home/f1tenth/f1tenth_ws/install/teleop_tools_msgs/share/teleop_tools_msgs/cmake/export_teleop_tools_msgs__rosidl_typesupport_fastrtps_cExport.cmake
[1.280s] -- Up-to-date: /home/f1tenth/f1tenth_ws/install/teleop_tools_msgs/share/teleop_tools_msgs/cmake/export_teleop_tools_msgs__rosidl_typesupport_fastrtps_cExport-noconfig.cmake
[1.280s] -- Up-to-date: /home/f1tenth/f1tenth_ws/install/teleop_tools_msgs/share/teleop_tools_msgs/cmake/teleop_tools_msgs__rosidl_typesupport_introspection_cExport.cmake
[1.280s] -- Up-to-date: /home/f1tenth/f1tenth_ws/install/teleop_tools_msgs/share/teleop_tools_msgs/cmake/teleop_tools_msgs__rosidl_typesupport_introspection_cExport-noconfig.cmake
[1.281s] -- Up-to-date: /home/f1tenth/f1tenth_ws/install/teleop_tools_msgs/share/teleop_tools_msgs/cmake/teleop_tools_msgs__rosidl_typesupport_cExport.cmake
[1.281s] -- Up-to-date: /home/f1tenth/f1tenth_ws/install/teleop_tools_msgs/share/teleop_tools_msgs/cmake/teleop_tools_msgs__rosidl_typesupport_cExport-noconfig.cmake
[1.281s] -- Up-to-date: /home/f1tenth/f1tenth_ws/install/teleop_tools_msgs/share/teleop_tools_msgs/cmake/export_teleop_tools_msgs__rosidl_generator_cppExport.cmake
[1.281s] -- Up-to-date: /home/f1tenth/f1tenth_ws/install/teleop_tools_msgs/share/teleop_tools_msgs/cmake/export_teleop_tools_msgs__rosidl_typesupport_fastrtps_cppExport.cmake
[1.282s] -- Up-to-date: /home/f1tenth/f1tenth_ws/install/teleop_tools_msgs/share/teleop_tools_msgs/cmake/export_teleop_tools_msgs__rosidl_typesupport_fastrtps_cppExport-noconfig.cmake
[1.282s] -- Up-to-date: /home/f1tenth/f1tenth_ws/install/teleop_tools_msgs/share/teleop_tools_msgs/cmake/teleop_tools_msgs__rosidl_typesupport_introspection_cppExport.cmake
[1.282s] -- Up-to-date: /home/f1tenth/f1tenth_ws/install/teleop_tools_msgs/share/teleop_tools_msgs/cmake/teleop_tools_msgs__rosidl_typesupport_introspection_cppExport-noconfig.cmake
[1.282s] -- Up-to-date: /home/f1tenth/f1tenth_ws/install/teleop_tools_msgs/share/teleop_tools_msgs/cmake/teleop_tools_msgs__rosidl_typesupport_cppExport.cmake
[1.283s] -- Up-to-date: /home/f1tenth/f1tenth_ws/install/teleop_tools_msgs/share/teleop_tools_msgs/cmake/teleop_tools_msgs__rosidl_typesupport_cppExport-noconfig.cmake
[1.283s] -- Up-to-date: /home/f1tenth/f1tenth_ws/install/teleop_tools_msgs/share/teleop_tools_msgs/cmake/export_teleop_tools_msgs__rosidl_generator_pyExport.cmake
[1.283s] -- Up-to-date: /home/f1tenth/f1tenth_ws/install/teleop_tools_msgs/share/teleop_tools_msgs/cmake/export_teleop_tools_msgs__rosidl_generator_pyExport-noconfig.cmake
[1.284s] -- Up-to-date: /home/f1tenth/f1tenth_ws/install/teleop_tools_msgs/share/teleop_tools_msgs/cmake/rosidl_cmake-extras.cmake
[1.284s] -- Up-to-date: /home/f1tenth/f1tenth_ws/install/teleop_tools_msgs/share/teleop_tools_msgs/cmake/ament_cmake_export_dependencies-extras.cmake
[1.284s] -- Up-to-date: /home/f1tenth/f1tenth_ws/install/teleop_tools_msgs/share/teleop_tools_msgs/cmake/ament_cmake_export_include_directories-extras.cmake
[1.284s] -- Up-to-date: /home/f1tenth/f1tenth_ws/install/teleop_tools_msgs/share/teleop_tools_msgs/cmake/ament_cmake_export_libraries-extras.cmake
[1.284s] -- Up-to-date: /home/f1tenth/f1tenth_ws/install/teleop_tools_msgs/share/teleop_tools_msgs/cmake/ament_cmake_export_targets-extras.cmake
[1.284s] -- Up-to-date: /home/f1tenth/f1tenth_ws/install/teleop_tools_msgs/share/teleop_tools_msgs/cmake/rosidl_cmake_export_typesupport_targets-extras.cmake
[1.285s] -- Up-to-date: /home/f1tenth/f1tenth_ws/install/teleop_tools_msgs/share/teleop_tools_msgs/cmake/rosidl_cmake_export_typesupport_libraries-extras.cmake
[1.288s] -- Up-to-date: /home/f1tenth/f1tenth_ws/install/teleop_tools_msgs/share/teleop_tools_msgs/cmake/teleop_tools_msgsConfig.cmake
[1.288s] -- Up-to-date: /home/f1tenth/f1tenth_ws/install/teleop_tools_msgs/share/teleop_tools_msgs/cmake/teleop_tools_msgsConfig-version.cmake
[1.289s] -- Up-to-date: /home/f1tenth/f1tenth_ws/install/teleop_tools_msgs/share/teleop_tools_msgs/package.xml
[1.303s] Invoked command in '/home/f1tenth/f1tenth_ws/build/teleop_tools_msgs' returned '0': CMAKE_PREFIX_PATH=${CMAKE_PREFIX_PATH}:/home/f1tenth/f1tenth_ws/install/f1tenth_stack:/home/f1tenth/f1tenth_ws/install/joy_teleop:/home/f1tenth/f1tenth_ws/install/mouse_teleop:/home/f1tenth/f1tenth_ws/install/key_teleop:/opt/ros/humble /usr/bin/cmake --install /home/f1tenth/f1tenth_ws/build/teleop_tools_msgs
