[1.049s] Invoking command in '/home/f1tenth/f1tenth_ws/src/f1tenth_system/teleop_tools/joy_teleop': CMAKE_PREFIX_PATH=/home/f1tenth/f1tenth_ws/install/teleop_tools_msgs:/home/f1tenth/f1tenth_ws/install/vesc:/home/f1tenth/f1tenth_ws/install/vesc_driver:/home/f1tenth/f1tenth_ws/install/vesc_ackermann:/home/f1tenth/f1tenth_ws/install/vesc_msgs:/home/f1tenth/f1tenth_ws/install/teleop_tools:/home/f1tenth/f1tenth_ws/install/ackermann_mux LD_LIBRARY_PATH=/home/f1tenth/f1tenth_ws/install/teleop_tools_msgs/lib:/home/f1tenth/f1tenth_ws/install/vesc_driver/lib:/home/f1tenth/f1tenth_ws/install/vesc_ackermann/lib:/home/f1tenth/f1tenth_ws/install/vesc_msgs/lib:/usr/local/cuda-12.6/lib64 PYTHONPATH=/home/f1tenth/f1tenth_ws/build/joy_teleop/prefix_override:/usr/lib/python3/dist-packages/colcon_core/task/python/colcon_distutils_commands:/home/f1tenth/f1tenth_ws/install/joy_teleop/lib/python3.10/site-packages:${PYTHONPATH} /usr/bin/python3 -W ignore:setup.py install is deprecated -W ignore:easy_install command is deprecated setup.py egg_info --egg-base ../../../../build/joy_teleop build --build-base /home/f1tenth/f1tenth_ws/build/joy_teleop/build install --record /home/f1tenth/f1tenth_ws/build/joy_teleop/install.log --single-version-externally-managed install_data
[1.404s] running egg_info
[1.404s] writing ../../../../build/joy_teleop/joy_teleop.egg-info/PKG-INFO
[1.405s] writing dependency_links to ../../../../build/joy_teleop/joy_teleop.egg-info/dependency_links.txt
[1.405s] writing entry points to ../../../../build/joy_teleop/joy_teleop.egg-info/entry_points.txt
[1.406s] writing requirements to ../../../../build/joy_teleop/joy_teleop.egg-info/requires.txt
[1.406s] writing top-level names to ../../../../build/joy_teleop/joy_teleop.egg-info/top_level.txt
[1.408s] reading manifest file '../../../../build/joy_teleop/joy_teleop.egg-info/SOURCES.txt'
[1.410s] writing manifest file '../../../../build/joy_teleop/joy_teleop.egg-info/SOURCES.txt'
[1.410s] running build
[1.410s] running build_py
[1.411s] running install
[1.411s] running install_lib
[1.414s] running install_data
[1.414s] running install_egg_info
[1.417s] removing '/home/f1tenth/f1tenth_ws/install/joy_teleop/lib/python3.10/site-packages/joy_teleop-0.3.0-py3.10.egg-info' (and everything under it)
[1.418s] Copying ../../../../build/joy_teleop/joy_teleop.egg-info to /home/f1tenth/f1tenth_ws/install/joy_teleop/lib/python3.10/site-packages/joy_teleop-0.3.0-py3.10.egg-info
[1.420s] running install_scripts
[1.457s] Installing incrementer_server script to /home/f1tenth/f1tenth_ws/install/joy_teleop/lib/joy_teleop
[1.457s] Installing joy_teleop script to /home/f1tenth/f1tenth_ws/install/joy_teleop/lib/joy_teleop
[1.458s] writing list of installed files to '/home/f1tenth/f1tenth_ws/build/joy_teleop/install.log'
[1.521s] Invoked command in '/home/f1tenth/f1tenth_ws/src/f1tenth_system/teleop_tools/joy_teleop' returned '0': CMAKE_PREFIX_PATH=/home/f1tenth/f1tenth_ws/install/teleop_tools_msgs:/home/f1tenth/f1tenth_ws/install/vesc:/home/f1tenth/f1tenth_ws/install/vesc_driver:/home/f1tenth/f1tenth_ws/install/vesc_ackermann:/home/f1tenth/f1tenth_ws/install/vesc_msgs:/home/f1tenth/f1tenth_ws/install/teleop_tools:/home/f1tenth/f1tenth_ws/install/ackermann_mux LD_LIBRARY_PATH=/home/f1tenth/f1tenth_ws/install/teleop_tools_msgs/lib:/home/f1tenth/f1tenth_ws/install/vesc_driver/lib:/home/f1tenth/f1tenth_ws/install/vesc_ackermann/lib:/home/f1tenth/f1tenth_ws/install/vesc_msgs/lib:/usr/local/cuda-12.6/lib64 PYTHONPATH=/home/f1tenth/f1tenth_ws/build/joy_teleop/prefix_override:/usr/lib/python3/dist-packages/colcon_core/task/python/colcon_distutils_commands:/home/f1tenth/f1tenth_ws/install/joy_teleop/lib/python3.10/site-packages:${PYTHONPATH} /usr/bin/python3 -W ignore:setup.py install is deprecated -W ignore:easy_install command is deprecated setup.py egg_info --egg-base ../../../../build/joy_teleop build --build-base /home/f1tenth/f1tenth_ws/build/joy_teleop/build install --record /home/f1tenth/f1tenth_ws/build/joy_teleop/install.log --single-version-externally-managed install_data
